<?xml version="1.0" encoding="UTF-8"?>
<testsuite xmlns:xsi="http://www.w3.org/2001/XMLSchema-instance" xsi:noNamespaceSchemaLocation="https://maven.apache.org/surefire/maven-surefire-plugin/xsd/surefire-test-report.xsd" name="test.dates.ClosestWeekdayHolidayTest" time="0" tests="3" errors="0" skipped="0" failures="0">
  <properties>
[...]
</properties>
  <testcase name="getDateForYear_notMovedIn2023" classname="test.dates.ClosestWeekdayHolidayTest" time="0"/>
  <testcase name="getDateForYear_movedToFridayIn2020" classname="test.dates.ClosestWeekdayHolidayTest" time="0"/>
  <testcase name="getDateForYear_movedToMondayIn2021" classname="test.dates.ClosestWeekdayHolidayTest" time="0"/>
</testsuite>